0 info it worked if it ends with ok
1 verbose cli [ '/usr/local/bin/node',
1 verbose cli   '/usr/local/bin/npm',
1 verbose cli   'run',
1 verbose cli   'build-refs' ]
2 info using npm@3.8.9
3 info using node@v6.2.0
4 verbose run-script [ 'prebuild-refs', 'build-refs', 'postbuild-refs' ]
5 info lifecycle hello-world-class-jsx@1.0.0~prebuild-refs: hello-world-class-jsx@1.0.0
6 silly lifecycle hello-world-class-jsx@1.0.0~prebuild-refs: no script for prebuild-refs, continuing
7 info lifecycle hello-world-class-jsx@1.0.0~build-refs: hello-world-class-jsx@1.0.0
8 verbose lifecycle hello-world-class-jsx@1.0.0~build-refs: unsafe-perm in lifecycle true
9 verbose lifecycle hello-world-class-jsx@1.0.0~build-refs: PATH: /usr/local/lib/node_modules/npm/bin/node-gyp-bin:/Users/azat/Documents/Code/react-quickly/ch07/node_modules/.bin:/usr/local/bin:./node_modules/.bin:/usr/local/var/rbenv/shims:/usr/local/var/rbenv/shims:/Applications/SenchaSDKTools-2.0.0-beta3:/usr/local/bin:/usr/bin:/bin:/usr/sbin:/sbin:/Users/azat/.rvm/bin:/Users/azat/bin
10 verbose lifecycle hello-world-class-jsx@1.0.0~build-refs: CWD: /Users/azat/Documents/Code/react-quickly/ch07
11 silly lifecycle hello-world-class-jsx@1.0.0~build-refs: Args: [ '-c', 'babel refs/jsx -d refs/js -w' ]
12 silly lifecycle hello-world-class-jsx@1.0.0~build-refs: Returned: code: 2  signal: null
13 info lifecycle hello-world-class-jsx@1.0.0~build-refs: Failed to exec build-refs script
14 verbose stack Error: hello-world-class-jsx@1.0.0 build-refs: `babel refs/jsx -d refs/js -w`
14 verbose stack Exit status 2
14 verbose stack     at EventEmitter.<anonymous> (/usr/local/lib/node_modules/npm/lib/utils/lifecycle.js:245:16)
14 verbose stack     at emitTwo (events.js:106:13)
14 verbose stack     at EventEmitter.emit (events.js:191:7)
14 verbose stack     at ChildProcess.<anonymous> (/usr/local/lib/node_modules/npm/lib/utils/spawn.js:24:14)
14 verbose stack     at emitTwo (events.js:106:13)
14 verbose stack     at ChildProcess.emit (events.js:191:7)
14 verbose stack     at maybeClose (internal/child_process.js:850:16)
14 verbose stack     at Process.ChildProcess._handle.onexit (internal/child_process.js:215:5)
15 verbose pkgid hello-world-class-jsx@1.0.0
16 verbose cwd /Users/azat/Documents/Code/react-quickly/ch07
17 error Darwin 14.5.0
18 error argv "/usr/local/bin/node" "/usr/local/bin/npm" "run" "build-refs"
19 error node v6.2.0
20 error npm  v3.8.9
21 error code ELIFECYCLE
22 error hello-world-class-jsx@1.0.0 build-refs: `babel refs/jsx -d refs/js -w`
22 error Exit status 2
23 error Failed at the hello-world-class-jsx@1.0.0 build-refs script 'babel refs/jsx -d refs/js -w'.
23 error Make sure you have the latest version of node.js and npm installed.
23 error If you do, this is most likely a problem with the hello-world-class-jsx package,
23 error not with npm itself.
23 error Tell the author that this fails on your system:
23 error     babel refs/jsx -d refs/js -w
23 error You can get information on how to open an issue for this project with:
23 error     npm bugs hello-world-class-jsx
23 error Or if that isn't available, you can get their info via:
23 error     npm owner ls hello-world-class-jsx
23 error There is likely additional logging output above.
24 verbose exit [ 1, true ]
